c:\users\cody\desktop\graphics-2\assignment3\skeletonproject\debug\vc120.pdb
c:\users\cody\desktop\graphics-2\assignment3\skeletonproject\debug\vc120.idb
c:\users\cody\desktop\graphics-2\assignment3\skeletonproject\debug\baseobject3d.obj
c:\users\cody\desktop\graphics-2\assignment3\skeletonproject\debug\vertex.obj
c:\users\cody\desktop\graphics-2\assignment3\skeletonproject\debug\basematerial.obj
c:\users\cody\desktop\graphics-2\assignment3\skeletonproject\debug\box3d.obj
c:\users\cody\desktop\graphics-2\assignment3\skeletonproject\debug\cone3d.obj
c:\users\cody\desktop\graphics-2\assignment3\skeletonproject\debug\cylinder3d.obj
c:\users\cody\desktop\graphics-2\assignment3\skeletonproject\debug\d3dapp.obj
c:\users\cody\desktop\graphics-2\assignment3\skeletonproject\debug\directinput.obj
c:\users\cody\desktop\graphics-2\assignment3\skeletonproject\debug\gfxstats.obj
c:\users\cody\desktop\graphics-2\assignment3\skeletonproject\debug\skeletonclass.obj
c:\users\cody\desktop\graphics-2\assignment3\skeletonproject\debug\sphere3d.obj
c:\users\cody\desktop\graphics-2\assignment3\skeletonproject\debug\teapot3d.obj
c:\users\cody\desktop\graphics-2\assignment3\skeletonproject\debug\torus3d.obj
c:\users\cody\desktop\graphics-2\assignment3\skeletonproject\debug\ambientdiffusespec.cso
c:\users\cody\desktop\graphics-2\assignment3\skeletonproject\debug\gouraud.cso
c:\users\cody\desktop\graphics-2\assignment3\skeletonproject\debug\phong.cso
c:\users\cody\desktop\graphics-2\assignment3\skeletonproject\debug\skybox.cso
c:\users\cody\desktop\graphics-2\assignment3\skeletonproject\debug\skeletonproject.ilk
c:\users\cody\desktop\graphics-2\assignment3\skeletonproject\debug\skeletonproject.exe
c:\users\cody\desktop\graphics-2\assignment3\skeletonproject\debug\skeletonproject.pdb
c:\users\cody\desktop\graphics-2\assignment3\skeletonproject\debug\skeletonproject.tlog\cl.command.1.tlog
c:\users\cody\desktop\graphics-2\assignment3\skeletonproject\debug\skeletonproject.tlog\cl.read.1.tlog
c:\users\cody\desktop\graphics-2\assignment3\skeletonproject\debug\skeletonproject.tlog\cl.write.1.tlog
c:\users\cody\desktop\graphics-2\assignment3\skeletonproject\debug\skeletonproject.tlog\fxc.command.1.tlog
c:\users\cody\desktop\graphics-2\assignment3\skeletonproject\debug\skeletonproject.tlog\fxc.read.1.tlog
c:\users\cody\desktop\graphics-2\assignment3\skeletonproject\debug\skeletonproject.tlog\fxc.write.1.tlog
c:\users\cody\desktop\graphics-2\assignment3\skeletonproject\debug\skeletonproject.tlog\link.command.1.tlog
c:\users\cody\desktop\graphics-2\assignment3\skeletonproject\debug\skeletonproject.tlog\link.read.1.tlog
c:\users\cody\desktop\graphics-2\assignment3\skeletonproject\debug\skeletonproject.tlog\link.write.1.tlog
c:\users\cody\desktop\graphics-2\assignment3\skeletonproject\debug\skeletonproject.tlog\skeletonproject.write.1u.tlog
