c:\users\cody\desktop\graphics-2\assignment3\skeletonproject\release\vc120.pdb
c:\users\cody\desktop\graphics-2\assignment3\skeletonproject\release\torus3d.obj
c:\users\cody\desktop\graphics-2\assignment3\skeletonproject\release\teapot3d.obj
c:\users\cody\desktop\graphics-2\assignment3\skeletonproject\release\sphere3d.obj
c:\users\cody\desktop\graphics-2\assignment3\skeletonproject\release\skyboxobject.obj
c:\users\cody\desktop\graphics-2\assignment3\skeletonproject\release\skyboxeffect.obj
c:\users\cody\desktop\graphics-2\assignment3\skeletonproject\release\gfxstats.obj
c:\users\cody\desktop\graphics-2\assignment3\skeletonproject\release\directinput.obj
c:\users\cody\desktop\graphics-2\assignment3\skeletonproject\release\d3dapp.obj
c:\users\cody\desktop\graphics-2\assignment3\skeletonproject\release\cylinder3d.obj
c:\users\cody\desktop\graphics-2\assignment3\skeletonproject\release\cone3d.obj
c:\users\cody\desktop\graphics-2\assignment3\skeletonproject\release\box3d.obj
c:\users\cody\desktop\graphics-2\assignment3\skeletonproject\release\basematerial.obj
c:\users\cody\desktop\graphics-2\assignment3\skeletonproject\release\vertex.obj
c:\users\cody\desktop\graphics-2\assignment3\skeletonproject\release\baseobject3d.obj
c:\users\cody\desktop\graphics-2\assignment3\skeletonproject\release\ambientdiffusespec.cso
c:\users\cody\desktop\graphics-2\assignment3\skeletonproject\release\gouraud.cso
c:\users\cody\desktop\graphics-2\assignment3\skeletonproject\release\phong.cso
c:\users\cody\desktop\graphics-2\assignment3\skeletonproject\release\skybox.cso
c:\users\cody\desktop\graphics-2\assignment3\skeletonproject\release\skeletonproject.tlog\cl.command.1.tlog
c:\users\cody\desktop\graphics-2\assignment3\skeletonproject\release\skeletonproject.tlog\cl.read.1.tlog
c:\users\cody\desktop\graphics-2\assignment3\skeletonproject\release\skeletonproject.tlog\cl.write.1.tlog
c:\users\cody\desktop\graphics-2\assignment3\skeletonproject\release\skeletonproject.tlog\fxc.command.1.tlog
c:\users\cody\desktop\graphics-2\assignment3\skeletonproject\release\skeletonproject.tlog\fxc.read.1.tlog
c:\users\cody\desktop\graphics-2\assignment3\skeletonproject\release\skeletonproject.tlog\fxc.write.1.tlog
c:\users\cody\desktop\graphics-2\assignment3\skeletonproject\release\skeletonproject.tlog\skeletonproject.write.1u.tlog
