Build started 4/4/2015 8:46:14 PM.
     1>Project "C:\Users\Cody\Desktop\Graphics-2\Assignment3\SkeletonProject\SkeletonProject.vcxproj" on node 2 (Build target(s)).
     1>ClCompile:
         C:\Program Files (x86)\Microsoft Visual Studio 12.0\VC\bin\CL.exe /c /Zi /nologo /W3 /WX- /O2 /Oy- /GL /D WIN32 /D NDEBUG /D _WINDOWS /D _MBCS /Gm- /EHsc /MD /GS /fp:precise /Zc:wchar_t /Zc:forScope /Fo"Release\\" /Fd"Release\vc120.pdb" /Gd /TP /analyze- /errorReport:prompt 3DClasses\BaseObject3D.cpp BaseMaterial.cpp Box3D.cpp Cone3D.cpp Cylinder3D.cpp SkeletonClass.cpp SkyboxEffect.cpp SkyboxObject.cpp Sphere3D.cpp Teapot3D.cpp Torus3D.cpp
         BaseObject3D.cpp
         BaseMaterial.cpp
         Box3D.cpp
         Cone3D.cpp
         Cylinder3D.cpp
         SkeletonClass.cpp
         SkyboxEffect.cpp
         SkyboxObject.cpp
         Sphere3D.cpp
         Teapot3D.cpp
         Torus3D.cpp
       Link:
         C:\Program Files (x86)\Microsoft Visual Studio 12.0\VC\bin\link.exe /ERRORREPORT:PROMPT /OUT:"C:\Users\Cody\Desktop\Graphics-2\Assignment3\SkeletonProject\Release\SkeletonProject.exe" /INCREMENTAL:NO /NOLOGO d3d9.lib d3dx9d.lib dxguid.lib DxErr.lib dinput8.lib kernel32.lib user32.lib gdi32.lib winspool.lib comdlg32.lib advapi32.lib shell32.lib ole32.lib oleaut32.lib uuid.lib odbc32.lib odbccp32.lib /MANIFEST /MANIFESTUAC:"level='asInvoker' uiAccess='false'" /manifest:embed /DEBUG /PDB:"C:\Users\Cody\Desktop\Graphics-2\Assignment3\SkeletonProject\Release\SkeletonProject.pdb" /SUBSYSTEM:WINDOWS /OPT:REF /OPT:ICF /LTCG /TLBID:1 /DYNAMICBASE /NXCOMPAT /IMPLIB:"C:\Users\Cody\Desktop\Graphics-2\Assignment3\SkeletonProject\Release\SkeletonProject.lib" /MACHINE:X86 /SAFESEH Release\BaseObject3D.obj
         Release\Vertex.obj
         Release\BaseMaterial.obj
         Release\Box3D.obj
         Release\Cone3D.obj
         Release\Cylinder3D.obj
         Release\d3dApp.obj
         Release\DirectInput.obj
         Release\GfxStats.obj
         Release\SkeletonClass.obj
         Release\SkyboxEffect.obj
         Release\SkyboxObject.obj
         Release\Sphere3D.obj
         Release\Teapot3D.obj
         Release\Torus3D.obj
         Generating code
         Finished generating code
         SkeletonProject.vcxproj -> C:\Users\Cody\Desktop\Graphics-2\Assignment3\SkeletonProject\Release\SkeletonProject.exe
     1>Done Building Project "C:\Users\Cody\Desktop\Graphics-2\Assignment3\SkeletonProject\SkeletonProject.vcxproj" (Build target(s)).

Build succeeded.

Time Elapsed 00:00:08.80
